<?xml version="1.0" encoding="UTF-8"?>
<!-- Generated by org.testng.reporters.JUnitXMLReporter -->
<testsuite hostname="DESKTOP-QNM3155" name="Default test" tests="6" failures="0" timestamp="26 May 2016 06:14:04 GMT" time="0.077" errors="0">
  <testcase name="testBaddataRejection" time="0.021" classname="test_classes.GettingInputTests"/>
  <testcase name="testIntegerData" time="0.001" classname="test_classes.GettingInputTests"/>
  <testcase name="testNegativeDataRejection" time="0.001" classname="test_classes.GettingInputTests"/>
  <testcase name="testOutOfRangeValue" time="0.001" classname="test_classes.GettingInputTests"/>
  <testcase name="luxuryTaxCalculationTest" time="0.007" classname="test_classes.TotalCostTests"/>
  <testcase name="necessityTaxCalculationTest" time="0.003" classname="test_classes.TotalCostTests"/>
</testsuite> <!-- Default test -->
